  main.cpp
C:\Users\pemiy\Downloads\Tetris-main\Tetris\Tetris\main.cpp(294,24): warning C4244: 'inicializando': conversão de 'float' para 'int', possível perda de dados
C:\Users\pemiy\Downloads\Tetris-main\Tetris\Tetris\main.cpp(304,80): warning C4244: 'argumento': conversão de 'float' para 'int', possível perda de dados
C:\Users\pemiy\Downloads\Tetris-main\Tetris\Tetris\main.cpp(304,59): warning C4244: 'argumento': conversão de 'float' para 'int', possível perda de dados
C:\Users\pemiy\Downloads\Tetris-main\Tetris\Tetris\main.cpp(304,46): warning C4244: 'argumento': conversão de 'float' para 'int', possível perda de dados
C:\Users\pemiy\Downloads\Tetris-main\Tetris\Tetris\main.cpp(304,36): warning C4244: 'argumento': conversão de 'float' para 'int', possível perda de dados
C:\Users\pemiy\Downloads\Tetris-main\Tetris\Tetris\main.cpp(305,69): warning C4244: 'argumento': conversão de 'float' para 'int', possível perda de dados
C:\Users\pemiy\Downloads\Tetris-main\Tetris\Tetris\main.cpp(305,56): warning C4244: 'argumento': conversão de 'float' para 'int', possível perda de dados
C:\Users\pemiy\Downloads\Tetris-main\Tetris\Tetris\main.cpp(305,46): warning C4244: 'argumento': conversão de 'float' para 'int', possível perda de dados
C:\Users\pemiy\Downloads\Tetris-main\Tetris\Tetris\main.cpp(305,36): warning C4244: 'argumento': conversão de 'float' para 'int', possível perda de dados
C:\Users\pemiy\Downloads\Tetris-main\Tetris\Tetris\main.cpp(306,97): warning C4244: 'argumento': conversão de 'float' para 'int', possível perda de dados
C:\Users\pemiy\Downloads\Tetris-main\Tetris\Tetris\main.cpp(306,73): warning C4244: 'argumento': conversão de 'float' para 'int', possível perda de dados
C:\Users\pemiy\Downloads\Tetris-main\Tetris\Tetris\main.cpp(306,60): warning C4244: 'argumento': conversão de 'float' para 'int', possível perda de dados
C:\Users\pemiy\Downloads\Tetris-main\Tetris\Tetris\main.cpp(306,39): warning C4244: 'argumento': conversão de 'float' para 'int', possível perda de dados
C:\Users\pemiy\Downloads\Tetris-main\Tetris\Tetris\main.cpp(307,97): warning C4244: 'argumento': conversão de 'float' para 'int', possível perda de dados
C:\Users\pemiy\Downloads\Tetris-main\Tetris\Tetris\main.cpp(307,73): warning C4244: 'argumento': conversão de 'float' para 'int', possível perda de dados
C:\Users\pemiy\Downloads\Tetris-main\Tetris\Tetris\main.cpp(307,49): warning C4244: 'argumento': conversão de 'float' para 'int', possível perda de dados
C:\Users\pemiy\Downloads\Tetris-main\Tetris\Tetris\main.cpp(307,36): warning C4244: 'argumento': conversão de 'float' para 'int', possível perda de dados
C:\Users\pemiy\Downloads\Tetris-main\Tetris\Tetris\main.cpp(313,51): warning C4244: 'argumento': conversão de 'float' para 'int', possível perda de dados
C:\Users\pemiy\Downloads\Tetris-main\Tetris\Tetris\main.cpp(313,41): warning C4244: 'argumento': conversão de 'float' para 'int', possível perda de dados
C:\Users\pemiy\Downloads\Tetris-main\Tetris\Tetris\main.cpp(319,51): warning C4244: 'argumento': conversão de 'float' para 'int', possível perda de dados
C:\Users\pemiy\Downloads\Tetris-main\Tetris\Tetris\main.cpp(319,41): warning C4244: 'argumento': conversão de 'float' para 'int', possível perda de dados
C:\Users\pemiy\Downloads\Tetris-main\Tetris\Tetris\main.cpp(325,51): warning C4244: 'argumento': conversão de 'float' para 'int', possível perda de dados
C:\Users\pemiy\Downloads\Tetris-main\Tetris\Tetris\main.cpp(325,41): warning C4244: 'argumento': conversão de 'float' para 'int', possível perda de dados
C:\Users\pemiy\Downloads\Tetris-main\Tetris\Tetris\main.cpp(330,51): warning C4244: 'argumento': conversão de 'float' para 'int', possível perda de dados
C:\Users\pemiy\Downloads\Tetris-main\Tetris\Tetris\main.cpp(330,41): warning C4244: 'argumento': conversão de 'float' para 'int', possível perda de dados
C:\Users\pemiy\Downloads\Tetris-main\Tetris\Tetris\main.cpp(335,24): warning C4244: '=': conversão de 'int' para 'float', possível perda de dados
C:\Users\pemiy\Downloads\Tetris-main\Tetris\Tetris\main.cpp(343,23): warning C4244: 'inicializando': conversão de 'float' para 'int', possível perda de dados
C:\Users\pemiy\Downloads\Tetris-main\Tetris\Tetris\main.cpp(352,80): warning C4244: 'argumento': conversão de 'float' para 'int', possível perda de dados
C:\Users\pemiy\Downloads\Tetris-main\Tetris\Tetris\main.cpp(352,59): warning C4244: 'argumento': conversão de 'float' para 'int', possível perda de dados
C:\Users\pemiy\Downloads\Tetris-main\Tetris\Tetris\main.cpp(352,46): warning C4244: 'argumento': conversão de 'float' para 'int', possível perda de dados
C:\Users\pemiy\Downloads\Tetris-main\Tetris\Tetris\main.cpp(352,36): warning C4244: 'argumento': conversão de 'float' para 'int', possível perda de dados
C:\Users\pemiy\Downloads\Tetris-main\Tetris\Tetris\main.cpp(353,69): warning C4244: 'argumento': conversão de 'float' para 'int', possível perda de dados
C:\Users\pemiy\Downloads\Tetris-main\Tetris\Tetris\main.cpp(353,56): warning C4244: 'argumento': conversão de 'float' para 'int', possível perda de dados
C:\Users\pemiy\Downloads\Tetris-main\Tetris\Tetris\main.cpp(353,46): warning C4244: 'argumento': conversão de 'float' para 'int', possível perda de dados
C:\Users\pemiy\Downloads\Tetris-main\Tetris\Tetris\main.cpp(353,36): warning C4244: 'argumento': conversão de 'float' para 'int', possível perda de dados
C:\Users\pemiy\Downloads\Tetris-main\Tetris\Tetris\main.cpp(354,97): warning C4244: 'argumento': conversão de 'float' para 'int', possível perda de dados
C:\Users\pemiy\Downloads\Tetris-main\Tetris\Tetris\main.cpp(354,73): warning C4244: 'argumento': conversão de 'float' para 'int', possível perda de dados
C:\Users\pemiy\Downloads\Tetris-main\Tetris\Tetris\main.cpp(354,60): warning C4244: 'argumento': conversão de 'float' para 'int', possível perda de dados
C:\Users\pemiy\Downloads\Tetris-main\Tetris\Tetris\main.cpp(354,39): warning C4244: 'argumento': conversão de 'float' para 'int', possível perda de dados
C:\Users\pemiy\Downloads\Tetris-main\Tetris\Tetris\main.cpp(355,97): warning C4244: 'argumento': conversão de 'float' para 'int', possível perda de dados
C:\Users\pemiy\Downloads\Tetris-main\Tetris\Tetris\main.cpp(355,73): warning C4244: 'argumento': conversão de 'float' para 'int', possível perda de dados
C:\Users\pemiy\Downloads\Tetris-main\Tetris\Tetris\main.cpp(355,49): warning C4244: 'argumento': conversão de 'float' para 'int', possível perda de dados
C:\Users\pemiy\Downloads\Tetris-main\Tetris\Tetris\main.cpp(355,36): warning C4244: 'argumento': conversão de 'float' para 'int', possível perda de dados
C:\Users\pemiy\Downloads\Tetris-main\Tetris\Tetris\main.cpp(360,51): warning C4244: 'argumento': conversão de 'float' para 'int', possível perda de dados
C:\Users\pemiy\Downloads\Tetris-main\Tetris\Tetris\main.cpp(360,41): warning C4244: 'argumento': conversão de 'float' para 'int', possível perda de dados
C:\Users\pemiy\Downloads\Tetris-main\Tetris\Tetris\main.cpp(365,24): warning C4244: '=': conversão de 'int' para 'float', possível perda de dados
C:\Users\pemiy\Downloads\Tetris-main\Tetris\Tetris\main.cpp(368,53): warning C4244: 'argumento': conversão de 'float' para 'int', possível perda de dados
C:\Users\pemiy\Downloads\Tetris-main\Tetris\Tetris\main.cpp(368,40): warning C4244: 'argumento': conversão de 'float' para 'int', possível perda de dados
C:\Users\pemiy\Downloads\Tetris-main\Tetris\Tetris\main.cpp(369,83): warning C4244: 'argumento': conversão de 'float' para 'int', possível perda de dados
C:\Users\pemiy\Downloads\Tetris-main\Tetris\Tetris\main.cpp(369,70): warning C4244: 'argumento': conversão de 'float' para 'int', possível perda de dados
C:\Users\pemiy\Downloads\Tetris-main\Tetris\Tetris\main.cpp(370,66): warning C4244: 'argumento': conversão de 'float' para 'int', possível perda de dados
C:\Users\pemiy\Downloads\Tetris-main\Tetris\Tetris\main.cpp(370,53): warning C4244: 'argumento': conversão de 'float' para 'int', possível perda de dados
C:\Users\pemiy\Downloads\Tetris-main\Tetris\Tetris\main.cpp(371,64): warning C4244: 'argumento': conversão de 'float' para 'int', possível perda de dados
C:\Users\pemiy\Downloads\Tetris-main\Tetris\Tetris\main.cpp(371,51): warning C4244: 'argumento': conversão de 'float' para 'int', possível perda de dados
C:\Users\pemiy\Downloads\Tetris-main\Tetris\Tetris\main.cpp(423,1): warning C4715: 'Createpiece': nem todos os caminhos de controle retornam um valor
  Tetris.vcxproj -> C:\Users\pemiy\Downloads\Tetris-main\Tetris\x64\Debug\Tetris.exe
  'pwsh.exe' não é reconhecido como um comando interno
  ou externo, um programa operável ou um arquivo em lotes.
