  t.cpp
C:\Users\pemiy\Desktop\projeto_tetris_ka\Tetris-main\Tetris-main\Tetris - Erro\Project3\t.cpp(301,80): warning C4244: 'argumento': conversão de 'float' para 'int', possível perda de dados
C:\Users\pemiy\Desktop\projeto_tetris_ka\Tetris-main\Tetris-main\Tetris - Erro\Project3\t.cpp(301,59): warning C4244: 'argumento': conversão de 'float' para 'int', possível perda de dados
C:\Users\pemiy\Desktop\projeto_tetris_ka\Tetris-main\Tetris-main\Tetris - Erro\Project3\t.cpp(301,46): warning C4244: 'argumento': conversão de 'float' para 'int', possível perda de dados
C:\Users\pemiy\Desktop\projeto_tetris_ka\Tetris-main\Tetris-main\Tetris - Erro\Project3\t.cpp(301,36): warning C4244: 'argumento': conversão de 'float' para 'int', possível perda de dados
C:\Users\pemiy\Desktop\projeto_tetris_ka\Tetris-main\Tetris-main\Tetris - Erro\Project3\t.cpp(302,69): warning C4244: 'argumento': conversão de 'float' para 'int', possível perda de dados
C:\Users\pemiy\Desktop\projeto_tetris_ka\Tetris-main\Tetris-main\Tetris - Erro\Project3\t.cpp(302,56): warning C4244: 'argumento': conversão de 'float' para 'int', possível perda de dados
C:\Users\pemiy\Desktop\projeto_tetris_ka\Tetris-main\Tetris-main\Tetris - Erro\Project3\t.cpp(302,46): warning C4244: 'argumento': conversão de 'float' para 'int', possível perda de dados
C:\Users\pemiy\Desktop\projeto_tetris_ka\Tetris-main\Tetris-main\Tetris - Erro\Project3\t.cpp(302,36): warning C4244: 'argumento': conversão de 'float' para 'int', possível perda de dados
C:\Users\pemiy\Desktop\projeto_tetris_ka\Tetris-main\Tetris-main\Tetris - Erro\Project3\t.cpp(303,97): warning C4244: 'argumento': conversão de 'float' para 'int', possível perda de dados
C:\Users\pemiy\Desktop\projeto_tetris_ka\Tetris-main\Tetris-main\Tetris - Erro\Project3\t.cpp(303,73): warning C4244: 'argumento': conversão de 'float' para 'int', possível perda de dados
C:\Users\pemiy\Desktop\projeto_tetris_ka\Tetris-main\Tetris-main\Tetris - Erro\Project3\t.cpp(303,60): warning C4244: 'argumento': conversão de 'float' para 'int', possível perda de dados
C:\Users\pemiy\Desktop\projeto_tetris_ka\Tetris-main\Tetris-main\Tetris - Erro\Project3\t.cpp(303,39): warning C4244: 'argumento': conversão de 'float' para 'int', possível perda de dados
C:\Users\pemiy\Desktop\projeto_tetris_ka\Tetris-main\Tetris-main\Tetris - Erro\Project3\t.cpp(304,97): warning C4244: 'argumento': conversão de 'float' para 'int', possível perda de dados
C:\Users\pemiy\Desktop\projeto_tetris_ka\Tetris-main\Tetris-main\Tetris - Erro\Project3\t.cpp(304,73): warning C4244: 'argumento': conversão de 'float' para 'int', possível perda de dados
C:\Users\pemiy\Desktop\projeto_tetris_ka\Tetris-main\Tetris-main\Tetris - Erro\Project3\t.cpp(304,49): warning C4244: 'argumento': conversão de 'float' para 'int', possível perda de dados
C:\Users\pemiy\Desktop\projeto_tetris_ka\Tetris-main\Tetris-main\Tetris - Erro\Project3\t.cpp(304,36): warning C4244: 'argumento': conversão de 'float' para 'int', possível perda de dados
C:\Users\pemiy\Desktop\projeto_tetris_ka\Tetris-main\Tetris-main\Tetris - Erro\Project3\t.cpp(310,51): warning C4244: 'argumento': conversão de 'float' para 'int', possível perda de dados
C:\Users\pemiy\Desktop\projeto_tetris_ka\Tetris-main\Tetris-main\Tetris - Erro\Project3\t.cpp(310,41): warning C4244: 'argumento': conversão de 'float' para 'int', possível perda de dados
C:\Users\pemiy\Desktop\projeto_tetris_ka\Tetris-main\Tetris-main\Tetris - Erro\Project3\t.cpp(316,51): warning C4244: 'argumento': conversão de 'float' para 'int', possível perda de dados
C:\Users\pemiy\Desktop\projeto_tetris_ka\Tetris-main\Tetris-main\Tetris - Erro\Project3\t.cpp(316,41): warning C4244: 'argumento': conversão de 'float' para 'int', possível perda de dados
C:\Users\pemiy\Desktop\projeto_tetris_ka\Tetris-main\Tetris-main\Tetris - Erro\Project3\t.cpp(322,51): warning C4244: 'argumento': conversão de 'float' para 'int', possível perda de dados
C:\Users\pemiy\Desktop\projeto_tetris_ka\Tetris-main\Tetris-main\Tetris - Erro\Project3\t.cpp(322,41): warning C4244: 'argumento': conversão de 'float' para 'int', possível perda de dados
C:\Users\pemiy\Desktop\projeto_tetris_ka\Tetris-main\Tetris-main\Tetris - Erro\Project3\t.cpp(327,51): warning C4244: 'argumento': conversão de 'float' para 'int', possível perda de dados
C:\Users\pemiy\Desktop\projeto_tetris_ka\Tetris-main\Tetris-main\Tetris - Erro\Project3\t.cpp(327,41): warning C4244: 'argumento': conversão de 'float' para 'int', possível perda de dados
C:\Users\pemiy\Desktop\projeto_tetris_ka\Tetris-main\Tetris-main\Tetris - Erro\Project3\t.cpp(340,23): warning C4244: 'inicializando': conversão de 'float' para 'int', possível perda de dados
C:\Users\pemiy\Desktop\projeto_tetris_ka\Tetris-main\Tetris-main\Tetris - Erro\Project3\t.cpp(349,80): warning C4244: 'argumento': conversão de 'float' para 'int', possível perda de dados
C:\Users\pemiy\Desktop\projeto_tetris_ka\Tetris-main\Tetris-main\Tetris - Erro\Project3\t.cpp(349,59): warning C4244: 'argumento': conversão de 'float' para 'int', possível perda de dados
C:\Users\pemiy\Desktop\projeto_tetris_ka\Tetris-main\Tetris-main\Tetris - Erro\Project3\t.cpp(349,46): warning C4244: 'argumento': conversão de 'float' para 'int', possível perda de dados
C:\Users\pemiy\Desktop\projeto_tetris_ka\Tetris-main\Tetris-main\Tetris - Erro\Project3\t.cpp(349,36): warning C4244: 'argumento': conversão de 'float' para 'int', possível perda de dados
C:\Users\pemiy\Desktop\projeto_tetris_ka\Tetris-main\Tetris-main\Tetris - Erro\Project3\t.cpp(350,69): warning C4244: 'argumento': conversão de 'float' para 'int', possível perda de dados
C:\Users\pemiy\Desktop\projeto_tetris_ka\Tetris-main\Tetris-main\Tetris - Erro\Project3\t.cpp(350,56): warning C4244: 'argumento': conversão de 'float' para 'int', possível perda de dados
C:\Users\pemiy\Desktop\projeto_tetris_ka\Tetris-main\Tetris-main\Tetris - Erro\Project3\t.cpp(350,46): warning C4244: 'argumento': conversão de 'float' para 'int', possível perda de dados
C:\Users\pemiy\Desktop\projeto_tetris_ka\Tetris-main\Tetris-main\Tetris - Erro\Project3\t.cpp(350,36): warning C4244: 'argumento': conversão de 'float' para 'int', possível perda de dados
C:\Users\pemiy\Desktop\projeto_tetris_ka\Tetris-main\Tetris-main\Tetris - Erro\Project3\t.cpp(351,97): warning C4244: 'argumento': conversão de 'float' para 'int', possível perda de dados
C:\Users\pemiy\Desktop\projeto_tetris_ka\Tetris-main\Tetris-main\Tetris - Erro\Project3\t.cpp(351,73): warning C4244: 'argumento': conversão de 'float' para 'int', possível perda de dados
C:\Users\pemiy\Desktop\projeto_tetris_ka\Tetris-main\Tetris-main\Tetris - Erro\Project3\t.cpp(351,60): warning C4244: 'argumento': conversão de 'float' para 'int', possível perda de dados
C:\Users\pemiy\Desktop\projeto_tetris_ka\Tetris-main\Tetris-main\Tetris - Erro\Project3\t.cpp(351,39): warning C4244: 'argumento': conversão de 'float' para 'int', possível perda de dados
C:\Users\pemiy\Desktop\projeto_tetris_ka\Tetris-main\Tetris-main\Tetris - Erro\Project3\t.cpp(352,97): warning C4244: 'argumento': conversão de 'float' para 'int', possível perda de dados
C:\Users\pemiy\Desktop\projeto_tetris_ka\Tetris-main\Tetris-main\Tetris - Erro\Project3\t.cpp(352,73): warning C4244: 'argumento': conversão de 'float' para 'int', possível perda de dados
C:\Users\pemiy\Desktop\projeto_tetris_ka\Tetris-main\Tetris-main\Tetris - Erro\Project3\t.cpp(352,49): warning C4244: 'argumento': conversão de 'float' para 'int', possível perda de dados
C:\Users\pemiy\Desktop\projeto_tetris_ka\Tetris-main\Tetris-main\Tetris - Erro\Project3\t.cpp(352,36): warning C4244: 'argumento': conversão de 'float' para 'int', possível perda de dados
C:\Users\pemiy\Desktop\projeto_tetris_ka\Tetris-main\Tetris-main\Tetris - Erro\Project3\t.cpp(357,51): warning C4244: 'argumento': conversão de 'float' para 'int', possível perda de dados
C:\Users\pemiy\Desktop\projeto_tetris_ka\Tetris-main\Tetris-main\Tetris - Erro\Project3\t.cpp(357,41): warning C4244: 'argumento': conversão de 'float' para 'int', possível perda de dados
C:\Users\pemiy\Desktop\projeto_tetris_ka\Tetris-main\Tetris-main\Tetris - Erro\Project3\t.cpp(362,24): warning C4244: '=': conversão de 'int' para 'float', possível perda de dados
C:\Users\pemiy\Desktop\projeto_tetris_ka\Tetris-main\Tetris-main\Tetris - Erro\Project3\t.cpp(365,53): warning C4244: 'argumento': conversão de 'float' para 'int', possível perda de dados
C:\Users\pemiy\Desktop\projeto_tetris_ka\Tetris-main\Tetris-main\Tetris - Erro\Project3\t.cpp(365,40): warning C4244: 'argumento': conversão de 'float' para 'int', possível perda de dados
C:\Users\pemiy\Desktop\projeto_tetris_ka\Tetris-main\Tetris-main\Tetris - Erro\Project3\t.cpp(366,77): warning C4244: 'argumento': conversão de 'float' para 'int', possível perda de dados
C:\Users\pemiy\Desktop\projeto_tetris_ka\Tetris-main\Tetris-main\Tetris - Erro\Project3\t.cpp(366,64): warning C4244: 'argumento': conversão de 'float' para 'int', possível perda de dados
C:\Users\pemiy\Desktop\projeto_tetris_ka\Tetris-main\Tetris-main\Tetris - Erro\Project3\t.cpp(367,66): warning C4244: 'argumento': conversão de 'float' para 'int', possível perda de dados
C:\Users\pemiy\Desktop\projeto_tetris_ka\Tetris-main\Tetris-main\Tetris - Erro\Project3\t.cpp(367,53): warning C4244: 'argumento': conversão de 'float' para 'int', possível perda de dados
C:\Users\pemiy\Desktop\projeto_tetris_ka\Tetris-main\Tetris-main\Tetris - Erro\Project3\t.cpp(368,64): warning C4244: 'argumento': conversão de 'float' para 'int', possível perda de dados
C:\Users\pemiy\Desktop\projeto_tetris_ka\Tetris-main\Tetris-main\Tetris - Erro\Project3\t.cpp(368,51): warning C4244: 'argumento': conversão de 'float' para 'int', possível perda de dados
  Project3.vcxproj -> C:\Users\pemiy\Desktop\projeto_tetris_ka\Tetris-main\Tetris-main\Tetris - Erro\x64\Debug\Project3.exe
  'pwsh.exe' não é reconhecido como um comando interno
  ou externo, um programa operável ou um arquivo em lotes.
