  main.cpp
C:\Users\Yuki_\source\repos\Tetris\Tetris\main.cpp(295,24): warning C4244: 'inicializando': conversão de 'float' para 'int', possível perda de dados
C:\Users\Yuki_\source\repos\Tetris\Tetris\main.cpp(305,80): warning C4244: 'argumento': conversão de 'float' para 'int', possível perda de dados
C:\Users\Yuki_\source\repos\Tetris\Tetris\main.cpp(305,59): warning C4244: 'argumento': conversão de 'float' para 'int', possível perda de dados
C:\Users\Yuki_\source\repos\Tetris\Tetris\main.cpp(305,46): warning C4244: 'argumento': conversão de 'float' para 'int', possível perda de dados
C:\Users\Yuki_\source\repos\Tetris\Tetris\main.cpp(305,36): warning C4244: 'argumento': conversão de 'float' para 'int', possível perda de dados
C:\Users\Yuki_\source\repos\Tetris\Tetris\main.cpp(306,69): warning C4244: 'argumento': conversão de 'float' para 'int', possível perda de dados
C:\Users\Yuki_\source\repos\Tetris\Tetris\main.cpp(306,56): warning C4244: 'argumento': conversão de 'float' para 'int', possível perda de dados
C:\Users\Yuki_\source\repos\Tetris\Tetris\main.cpp(306,46): warning C4244: 'argumento': conversão de 'float' para 'int', possível perda de dados
C:\Users\Yuki_\source\repos\Tetris\Tetris\main.cpp(306,36): warning C4244: 'argumento': conversão de 'float' para 'int', possível perda de dados
C:\Users\Yuki_\source\repos\Tetris\Tetris\main.cpp(307,97): warning C4244: 'argumento': conversão de 'float' para 'int', possível perda de dados
C:\Users\Yuki_\source\repos\Tetris\Tetris\main.cpp(307,73): warning C4244: 'argumento': conversão de 'float' para 'int', possível perda de dados
C:\Users\Yuki_\source\repos\Tetris\Tetris\main.cpp(307,60): warning C4244: 'argumento': conversão de 'float' para 'int', possível perda de dados
C:\Users\Yuki_\source\repos\Tetris\Tetris\main.cpp(307,39): warning C4244: 'argumento': conversão de 'float' para 'int', possível perda de dados
C:\Users\Yuki_\source\repos\Tetris\Tetris\main.cpp(308,97): warning C4244: 'argumento': conversão de 'float' para 'int', possível perda de dados
C:\Users\Yuki_\source\repos\Tetris\Tetris\main.cpp(308,73): warning C4244: 'argumento': conversão de 'float' para 'int', possível perda de dados
C:\Users\Yuki_\source\repos\Tetris\Tetris\main.cpp(308,49): warning C4244: 'argumento': conversão de 'float' para 'int', possível perda de dados
C:\Users\Yuki_\source\repos\Tetris\Tetris\main.cpp(308,36): warning C4244: 'argumento': conversão de 'float' para 'int', possível perda de dados
C:\Users\Yuki_\source\repos\Tetris\Tetris\main.cpp(314,51): warning C4244: 'argumento': conversão de 'float' para 'int', possível perda de dados
C:\Users\Yuki_\source\repos\Tetris\Tetris\main.cpp(314,41): warning C4244: 'argumento': conversão de 'float' para 'int', possível perda de dados
C:\Users\Yuki_\source\repos\Tetris\Tetris\main.cpp(320,51): warning C4244: 'argumento': conversão de 'float' para 'int', possível perda de dados
C:\Users\Yuki_\source\repos\Tetris\Tetris\main.cpp(320,41): warning C4244: 'argumento': conversão de 'float' para 'int', possível perda de dados
C:\Users\Yuki_\source\repos\Tetris\Tetris\main.cpp(326,51): warning C4244: 'argumento': conversão de 'float' para 'int', possível perda de dados
C:\Users\Yuki_\source\repos\Tetris\Tetris\main.cpp(326,41): warning C4244: 'argumento': conversão de 'float' para 'int', possível perda de dados
C:\Users\Yuki_\source\repos\Tetris\Tetris\main.cpp(331,51): warning C4244: 'argumento': conversão de 'float' para 'int', possível perda de dados
C:\Users\Yuki_\source\repos\Tetris\Tetris\main.cpp(331,41): warning C4244: 'argumento': conversão de 'float' para 'int', possível perda de dados
C:\Users\Yuki_\source\repos\Tetris\Tetris\main.cpp(336,24): warning C4244: '=': conversão de 'int' para 'float', possível perda de dados
C:\Users\Yuki_\source\repos\Tetris\Tetris\main.cpp(344,23): warning C4244: 'inicializando': conversão de 'float' para 'int', possível perda de dados
C:\Users\Yuki_\source\repos\Tetris\Tetris\main.cpp(353,80): warning C4244: 'argumento': conversão de 'float' para 'int', possível perda de dados
C:\Users\Yuki_\source\repos\Tetris\Tetris\main.cpp(353,59): warning C4244: 'argumento': conversão de 'float' para 'int', possível perda de dados
C:\Users\Yuki_\source\repos\Tetris\Tetris\main.cpp(353,46): warning C4244: 'argumento': conversão de 'float' para 'int', possível perda de dados
C:\Users\Yuki_\source\repos\Tetris\Tetris\main.cpp(353,36): warning C4244: 'argumento': conversão de 'float' para 'int', possível perda de dados
C:\Users\Yuki_\source\repos\Tetris\Tetris\main.cpp(354,69): warning C4244: 'argumento': conversão de 'float' para 'int', possível perda de dados
C:\Users\Yuki_\source\repos\Tetris\Tetris\main.cpp(354,56): warning C4244: 'argumento': conversão de 'float' para 'int', possível perda de dados
C:\Users\Yuki_\source\repos\Tetris\Tetris\main.cpp(354,46): warning C4244: 'argumento': conversão de 'float' para 'int', possível perda de dados
C:\Users\Yuki_\source\repos\Tetris\Tetris\main.cpp(354,36): warning C4244: 'argumento': conversão de 'float' para 'int', possível perda de dados
C:\Users\Yuki_\source\repos\Tetris\Tetris\main.cpp(355,97): warning C4244: 'argumento': conversão de 'float' para 'int', possível perda de dados
C:\Users\Yuki_\source\repos\Tetris\Tetris\main.cpp(355,73): warning C4244: 'argumento': conversão de 'float' para 'int', possível perda de dados
C:\Users\Yuki_\source\repos\Tetris\Tetris\main.cpp(355,60): warning C4244: 'argumento': conversão de 'float' para 'int', possível perda de dados
C:\Users\Yuki_\source\repos\Tetris\Tetris\main.cpp(355,39): warning C4244: 'argumento': conversão de 'float' para 'int', possível perda de dados
C:\Users\Yuki_\source\repos\Tetris\Tetris\main.cpp(356,97): warning C4244: 'argumento': conversão de 'float' para 'int', possível perda de dados
C:\Users\Yuki_\source\repos\Tetris\Tetris\main.cpp(356,73): warning C4244: 'argumento': conversão de 'float' para 'int', possível perda de dados
C:\Users\Yuki_\source\repos\Tetris\Tetris\main.cpp(356,49): warning C4244: 'argumento': conversão de 'float' para 'int', possível perda de dados
C:\Users\Yuki_\source\repos\Tetris\Tetris\main.cpp(356,36): warning C4244: 'argumento': conversão de 'float' para 'int', possível perda de dados
C:\Users\Yuki_\source\repos\Tetris\Tetris\main.cpp(361,51): warning C4244: 'argumento': conversão de 'float' para 'int', possível perda de dados
C:\Users\Yuki_\source\repos\Tetris\Tetris\main.cpp(361,41): warning C4244: 'argumento': conversão de 'float' para 'int', possível perda de dados
C:\Users\Yuki_\source\repos\Tetris\Tetris\main.cpp(366,24): warning C4244: '=': conversão de 'int' para 'float', possível perda de dados
C:\Users\Yuki_\source\repos\Tetris\Tetris\main.cpp(369,50): warning C4244: 'argumento': conversão de 'float' para 'int', possível perda de dados
C:\Users\Yuki_\source\repos\Tetris\Tetris\main.cpp(369,37): warning C4244: 'argumento': conversão de 'float' para 'int', possível perda de dados
C:\Users\Yuki_\source\repos\Tetris\Tetris\main.cpp(370,77): warning C4244: 'argumento': conversão de 'float' para 'int', possível perda de dados
C:\Users\Yuki_\source\repos\Tetris\Tetris\main.cpp(370,64): warning C4244: 'argumento': conversão de 'float' para 'int', possível perda de dados
C:\Users\Yuki_\source\repos\Tetris\Tetris\main.cpp(371,66): warning C4244: 'argumento': conversão de 'float' para 'int', possível perda de dados
C:\Users\Yuki_\source\repos\Tetris\Tetris\main.cpp(371,53): warning C4244: 'argumento': conversão de 'float' para 'int', possível perda de dados
C:\Users\Yuki_\source\repos\Tetris\Tetris\main.cpp(372,64): warning C4244: 'argumento': conversão de 'float' para 'int', possível perda de dados
C:\Users\Yuki_\source\repos\Tetris\Tetris\main.cpp(372,51): warning C4244: 'argumento': conversão de 'float' para 'int', possível perda de dados
C:\Users\Yuki_\source\repos\Tetris\Tetris\main.cpp(423,1): warning C4715: 'Createpiece': nem todos os caminhos de controle retornam um valor
  Tetris.vcxproj -> C:\Users\Yuki_\source\repos\Tetris\x64\Debug\Tetris.exe
  'pwsh.exe' não é reconhecido como um comando interno
  ou externo, um programa operável ou um arquivo em lotes.
