  t.cpp
C:\Users\Yuki_\source\repos\Project3\Project3\t.cpp(290,24): warning C4244: 'inicializando': conversão de 'float' para 'int', possível perda de dados
C:\Users\Yuki_\source\repos\Project3\Project3\t.cpp(300,80): warning C4244: 'argumento': conversão de 'float' para 'int', possível perda de dados
C:\Users\Yuki_\source\repos\Project3\Project3\t.cpp(300,59): warning C4244: 'argumento': conversão de 'float' para 'int', possível perda de dados
C:\Users\Yuki_\source\repos\Project3\Project3\t.cpp(300,46): warning C4244: 'argumento': conversão de 'float' para 'int', possível perda de dados
C:\Users\Yuki_\source\repos\Project3\Project3\t.cpp(300,36): warning C4244: 'argumento': conversão de 'float' para 'int', possível perda de dados
C:\Users\Yuki_\source\repos\Project3\Project3\t.cpp(301,69): warning C4244: 'argumento': conversão de 'float' para 'int', possível perda de dados
C:\Users\Yuki_\source\repos\Project3\Project3\t.cpp(301,56): warning C4244: 'argumento': conversão de 'float' para 'int', possível perda de dados
C:\Users\Yuki_\source\repos\Project3\Project3\t.cpp(301,46): warning C4244: 'argumento': conversão de 'float' para 'int', possível perda de dados
C:\Users\Yuki_\source\repos\Project3\Project3\t.cpp(301,36): warning C4244: 'argumento': conversão de 'float' para 'int', possível perda de dados
C:\Users\Yuki_\source\repos\Project3\Project3\t.cpp(302,97): warning C4244: 'argumento': conversão de 'float' para 'int', possível perda de dados
C:\Users\Yuki_\source\repos\Project3\Project3\t.cpp(302,73): warning C4244: 'argumento': conversão de 'float' para 'int', possível perda de dados
C:\Users\Yuki_\source\repos\Project3\Project3\t.cpp(302,60): warning C4244: 'argumento': conversão de 'float' para 'int', possível perda de dados
C:\Users\Yuki_\source\repos\Project3\Project3\t.cpp(302,39): warning C4244: 'argumento': conversão de 'float' para 'int', possível perda de dados
C:\Users\Yuki_\source\repos\Project3\Project3\t.cpp(303,97): warning C4244: 'argumento': conversão de 'float' para 'int', possível perda de dados
C:\Users\Yuki_\source\repos\Project3\Project3\t.cpp(303,73): warning C4244: 'argumento': conversão de 'float' para 'int', possível perda de dados
C:\Users\Yuki_\source\repos\Project3\Project3\t.cpp(303,49): warning C4244: 'argumento': conversão de 'float' para 'int', possível perda de dados
C:\Users\Yuki_\source\repos\Project3\Project3\t.cpp(303,36): warning C4244: 'argumento': conversão de 'float' para 'int', possível perda de dados
C:\Users\Yuki_\source\repos\Project3\Project3\t.cpp(309,51): warning C4244: 'argumento': conversão de 'float' para 'int', possível perda de dados
C:\Users\Yuki_\source\repos\Project3\Project3\t.cpp(309,41): warning C4244: 'argumento': conversão de 'float' para 'int', possível perda de dados
C:\Users\Yuki_\source\repos\Project3\Project3\t.cpp(315,51): warning C4244: 'argumento': conversão de 'float' para 'int', possível perda de dados
C:\Users\Yuki_\source\repos\Project3\Project3\t.cpp(315,41): warning C4244: 'argumento': conversão de 'float' para 'int', possível perda de dados
C:\Users\Yuki_\source\repos\Project3\Project3\t.cpp(321,51): warning C4244: 'argumento': conversão de 'float' para 'int', possível perda de dados
C:\Users\Yuki_\source\repos\Project3\Project3\t.cpp(321,41): warning C4244: 'argumento': conversão de 'float' para 'int', possível perda de dados
C:\Users\Yuki_\source\repos\Project3\Project3\t.cpp(326,51): warning C4244: 'argumento': conversão de 'float' para 'int', possível perda de dados
C:\Users\Yuki_\source\repos\Project3\Project3\t.cpp(326,41): warning C4244: 'argumento': conversão de 'float' para 'int', possível perda de dados
C:\Users\Yuki_\source\repos\Project3\Project3\t.cpp(331,24): warning C4244: '=': conversão de 'int' para 'float', possível perda de dados
C:\Users\Yuki_\source\repos\Project3\Project3\t.cpp(339,23): warning C4244: 'inicializando': conversão de 'float' para 'int', possível perda de dados
C:\Users\Yuki_\source\repos\Project3\Project3\t.cpp(348,80): warning C4244: 'argumento': conversão de 'float' para 'int', possível perda de dados
C:\Users\Yuki_\source\repos\Project3\Project3\t.cpp(348,59): warning C4244: 'argumento': conversão de 'float' para 'int', possível perda de dados
C:\Users\Yuki_\source\repos\Project3\Project3\t.cpp(348,46): warning C4244: 'argumento': conversão de 'float' para 'int', possível perda de dados
C:\Users\Yuki_\source\repos\Project3\Project3\t.cpp(348,36): warning C4244: 'argumento': conversão de 'float' para 'int', possível perda de dados
C:\Users\Yuki_\source\repos\Project3\Project3\t.cpp(349,69): warning C4244: 'argumento': conversão de 'float' para 'int', possível perda de dados
C:\Users\Yuki_\source\repos\Project3\Project3\t.cpp(349,56): warning C4244: 'argumento': conversão de 'float' para 'int', possível perda de dados
C:\Users\Yuki_\source\repos\Project3\Project3\t.cpp(349,46): warning C4244: 'argumento': conversão de 'float' para 'int', possível perda de dados
C:\Users\Yuki_\source\repos\Project3\Project3\t.cpp(349,36): warning C4244: 'argumento': conversão de 'float' para 'int', possível perda de dados
C:\Users\Yuki_\source\repos\Project3\Project3\t.cpp(350,97): warning C4244: 'argumento': conversão de 'float' para 'int', possível perda de dados
C:\Users\Yuki_\source\repos\Project3\Project3\t.cpp(350,73): warning C4244: 'argumento': conversão de 'float' para 'int', possível perda de dados
C:\Users\Yuki_\source\repos\Project3\Project3\t.cpp(350,60): warning C4244: 'argumento': conversão de 'float' para 'int', possível perda de dados
C:\Users\Yuki_\source\repos\Project3\Project3\t.cpp(350,39): warning C4244: 'argumento': conversão de 'float' para 'int', possível perda de dados
C:\Users\Yuki_\source\repos\Project3\Project3\t.cpp(351,97): warning C4244: 'argumento': conversão de 'float' para 'int', possível perda de dados
C:\Users\Yuki_\source\repos\Project3\Project3\t.cpp(351,73): warning C4244: 'argumento': conversão de 'float' para 'int', possível perda de dados
C:\Users\Yuki_\source\repos\Project3\Project3\t.cpp(351,49): warning C4244: 'argumento': conversão de 'float' para 'int', possível perda de dados
C:\Users\Yuki_\source\repos\Project3\Project3\t.cpp(351,36): warning C4244: 'argumento': conversão de 'float' para 'int', possível perda de dados
C:\Users\Yuki_\source\repos\Project3\Project3\t.cpp(356,51): warning C4244: 'argumento': conversão de 'float' para 'int', possível perda de dados
C:\Users\Yuki_\source\repos\Project3\Project3\t.cpp(356,41): warning C4244: 'argumento': conversão de 'float' para 'int', possível perda de dados
C:\Users\Yuki_\source\repos\Project3\Project3\t.cpp(361,24): warning C4244: '=': conversão de 'int' para 'float', possível perda de dados
C:\Users\Yuki_\source\repos\Project3\Project3\t.cpp(364,50): warning C4244: 'argumento': conversão de 'float' para 'int', possível perda de dados
C:\Users\Yuki_\source\repos\Project3\Project3\t.cpp(364,37): warning C4244: 'argumento': conversão de 'float' para 'int', possível perda de dados
C:\Users\Yuki_\source\repos\Project3\Project3\t.cpp(365,77): warning C4244: 'argumento': conversão de 'float' para 'int', possível perda de dados
C:\Users\Yuki_\source\repos\Project3\Project3\t.cpp(365,64): warning C4244: 'argumento': conversão de 'float' para 'int', possível perda de dados
C:\Users\Yuki_\source\repos\Project3\Project3\t.cpp(366,66): warning C4244: 'argumento': conversão de 'float' para 'int', possível perda de dados
C:\Users\Yuki_\source\repos\Project3\Project3\t.cpp(366,53): warning C4244: 'argumento': conversão de 'float' para 'int', possível perda de dados
C:\Users\Yuki_\source\repos\Project3\Project3\t.cpp(367,64): warning C4244: 'argumento': conversão de 'float' para 'int', possível perda de dados
C:\Users\Yuki_\source\repos\Project3\Project3\t.cpp(367,51): warning C4244: 'argumento': conversão de 'float' para 'int', possível perda de dados
  Project3.vcxproj -> C:\Users\Yuki_\source\repos\Project3\x64\Debug\Project3.exe
  'pwsh.exe' não é reconhecido como um comando interno
  ou externo, um programa operável ou um arquivo em lotes.
