  main.cpp
C:\Users\Yuzawa\Downloads\o\Tetris-main\Tetris - Versão 2\Tetris\main.cpp(285,47): warning C4838: a conversão de 'int' em 'float' requer uma conversão de restrição
C:\Users\Yuzawa\Downloads\o\Tetris-main\Tetris - Versão 2\Tetris\main.cpp(285,47): warning C4244: 'inicializando': conversão de 'int' para 'float', possível perda de dados
C:\Users\Yuzawa\Downloads\o\Tetris-main\Tetris - Versão 2\Tetris\main.cpp(299,24): warning C4244: 'inicializando': conversão de 'float' para 'int', possível perda de dados
C:\Users\Yuzawa\Downloads\o\Tetris-main\Tetris - Versão 2\Tetris\main.cpp(309,80): warning C4244: 'argumento': conversão de 'float' para 'int', possível perda de dados
C:\Users\Yuzawa\Downloads\o\Tetris-main\Tetris - Versão 2\Tetris\main.cpp(309,59): warning C4244: 'argumento': conversão de 'float' para 'int', possível perda de dados
C:\Users\Yuzawa\Downloads\o\Tetris-main\Tetris - Versão 2\Tetris\main.cpp(309,46): warning C4244: 'argumento': conversão de 'float' para 'int', possível perda de dados
C:\Users\Yuzawa\Downloads\o\Tetris-main\Tetris - Versão 2\Tetris\main.cpp(309,36): warning C4244: 'argumento': conversão de 'float' para 'int', possível perda de dados
C:\Users\Yuzawa\Downloads\o\Tetris-main\Tetris - Versão 2\Tetris\main.cpp(310,69): warning C4244: 'argumento': conversão de 'float' para 'int', possível perda de dados
C:\Users\Yuzawa\Downloads\o\Tetris-main\Tetris - Versão 2\Tetris\main.cpp(310,56): warning C4244: 'argumento': conversão de 'float' para 'int', possível perda de dados
C:\Users\Yuzawa\Downloads\o\Tetris-main\Tetris - Versão 2\Tetris\main.cpp(310,46): warning C4244: 'argumento': conversão de 'float' para 'int', possível perda de dados
C:\Users\Yuzawa\Downloads\o\Tetris-main\Tetris - Versão 2\Tetris\main.cpp(310,36): warning C4244: 'argumento': conversão de 'float' para 'int', possível perda de dados
C:\Users\Yuzawa\Downloads\o\Tetris-main\Tetris - Versão 2\Tetris\main.cpp(311,97): warning C4244: 'argumento': conversão de 'float' para 'int', possível perda de dados
C:\Users\Yuzawa\Downloads\o\Tetris-main\Tetris - Versão 2\Tetris\main.cpp(311,73): warning C4244: 'argumento': conversão de 'float' para 'int', possível perda de dados
C:\Users\Yuzawa\Downloads\o\Tetris-main\Tetris - Versão 2\Tetris\main.cpp(311,60): warning C4244: 'argumento': conversão de 'float' para 'int', possível perda de dados
C:\Users\Yuzawa\Downloads\o\Tetris-main\Tetris - Versão 2\Tetris\main.cpp(311,39): warning C4244: 'argumento': conversão de 'float' para 'int', possível perda de dados
C:\Users\Yuzawa\Downloads\o\Tetris-main\Tetris - Versão 2\Tetris\main.cpp(312,97): warning C4244: 'argumento': conversão de 'float' para 'int', possível perda de dados
C:\Users\Yuzawa\Downloads\o\Tetris-main\Tetris - Versão 2\Tetris\main.cpp(312,73): warning C4244: 'argumento': conversão de 'float' para 'int', possível perda de dados
C:\Users\Yuzawa\Downloads\o\Tetris-main\Tetris - Versão 2\Tetris\main.cpp(312,49): warning C4244: 'argumento': conversão de 'float' para 'int', possível perda de dados
C:\Users\Yuzawa\Downloads\o\Tetris-main\Tetris - Versão 2\Tetris\main.cpp(312,36): warning C4244: 'argumento': conversão de 'float' para 'int', possível perda de dados
C:\Users\Yuzawa\Downloads\o\Tetris-main\Tetris - Versão 2\Tetris\main.cpp(318,51): warning C4244: 'argumento': conversão de 'float' para 'int', possível perda de dados
C:\Users\Yuzawa\Downloads\o\Tetris-main\Tetris - Versão 2\Tetris\main.cpp(318,41): warning C4244: 'argumento': conversão de 'float' para 'int', possível perda de dados
C:\Users\Yuzawa\Downloads\o\Tetris-main\Tetris - Versão 2\Tetris\main.cpp(324,51): warning C4244: 'argumento': conversão de 'float' para 'int', possível perda de dados
C:\Users\Yuzawa\Downloads\o\Tetris-main\Tetris - Versão 2\Tetris\main.cpp(324,41): warning C4244: 'argumento': conversão de 'float' para 'int', possível perda de dados
C:\Users\Yuzawa\Downloads\o\Tetris-main\Tetris - Versão 2\Tetris\main.cpp(330,51): warning C4244: 'argumento': conversão de 'float' para 'int', possível perda de dados
C:\Users\Yuzawa\Downloads\o\Tetris-main\Tetris - Versão 2\Tetris\main.cpp(330,41): warning C4244: 'argumento': conversão de 'float' para 'int', possível perda de dados
C:\Users\Yuzawa\Downloads\o\Tetris-main\Tetris - Versão 2\Tetris\main.cpp(335,51): warning C4244: 'argumento': conversão de 'float' para 'int', possível perda de dados
C:\Users\Yuzawa\Downloads\o\Tetris-main\Tetris - Versão 2\Tetris\main.cpp(335,41): warning C4244: 'argumento': conversão de 'float' para 'int', possível perda de dados
C:\Users\Yuzawa\Downloads\o\Tetris-main\Tetris - Versão 2\Tetris\main.cpp(340,24): warning C4244: '=': conversão de 'int' para 'float', possível perda de dados
C:\Users\Yuzawa\Downloads\o\Tetris-main\Tetris - Versão 2\Tetris\main.cpp(348,23): warning C4244: 'inicializando': conversão de 'float' para 'int', possível perda de dados
C:\Users\Yuzawa\Downloads\o\Tetris-main\Tetris - Versão 2\Tetris\main.cpp(357,80): warning C4244: 'argumento': conversão de 'float' para 'int', possível perda de dados
C:\Users\Yuzawa\Downloads\o\Tetris-main\Tetris - Versão 2\Tetris\main.cpp(357,59): warning C4244: 'argumento': conversão de 'float' para 'int', possível perda de dados
C:\Users\Yuzawa\Downloads\o\Tetris-main\Tetris - Versão 2\Tetris\main.cpp(357,46): warning C4244: 'argumento': conversão de 'float' para 'int', possível perda de dados
C:\Users\Yuzawa\Downloads\o\Tetris-main\Tetris - Versão 2\Tetris\main.cpp(357,36): warning C4244: 'argumento': conversão de 'float' para 'int', possível perda de dados
C:\Users\Yuzawa\Downloads\o\Tetris-main\Tetris - Versão 2\Tetris\main.cpp(358,69): warning C4244: 'argumento': conversão de 'float' para 'int', possível perda de dados
C:\Users\Yuzawa\Downloads\o\Tetris-main\Tetris - Versão 2\Tetris\main.cpp(358,56): warning C4244: 'argumento': conversão de 'float' para 'int', possível perda de dados
C:\Users\Yuzawa\Downloads\o\Tetris-main\Tetris - Versão 2\Tetris\main.cpp(358,46): warning C4244: 'argumento': conversão de 'float' para 'int', possível perda de dados
C:\Users\Yuzawa\Downloads\o\Tetris-main\Tetris - Versão 2\Tetris\main.cpp(358,36): warning C4244: 'argumento': conversão de 'float' para 'int', possível perda de dados
C:\Users\Yuzawa\Downloads\o\Tetris-main\Tetris - Versão 2\Tetris\main.cpp(359,97): warning C4244: 'argumento': conversão de 'float' para 'int', possível perda de dados
C:\Users\Yuzawa\Downloads\o\Tetris-main\Tetris - Versão 2\Tetris\main.cpp(359,73): warning C4244: 'argumento': conversão de 'float' para 'int', possível perda de dados
C:\Users\Yuzawa\Downloads\o\Tetris-main\Tetris - Versão 2\Tetris\main.cpp(359,60): warning C4244: 'argumento': conversão de 'float' para 'int', possível perda de dados
C:\Users\Yuzawa\Downloads\o\Tetris-main\Tetris - Versão 2\Tetris\main.cpp(359,39): warning C4244: 'argumento': conversão de 'float' para 'int', possível perda de dados
C:\Users\Yuzawa\Downloads\o\Tetris-main\Tetris - Versão 2\Tetris\main.cpp(360,97): warning C4244: 'argumento': conversão de 'float' para 'int', possível perda de dados
C:\Users\Yuzawa\Downloads\o\Tetris-main\Tetris - Versão 2\Tetris\main.cpp(360,73): warning C4244: 'argumento': conversão de 'float' para 'int', possível perda de dados
C:\Users\Yuzawa\Downloads\o\Tetris-main\Tetris - Versão 2\Tetris\main.cpp(360,49): warning C4244: 'argumento': conversão de 'float' para 'int', possível perda de dados
C:\Users\Yuzawa\Downloads\o\Tetris-main\Tetris - Versão 2\Tetris\main.cpp(360,36): warning C4244: 'argumento': conversão de 'float' para 'int', possível perda de dados
C:\Users\Yuzawa\Downloads\o\Tetris-main\Tetris - Versão 2\Tetris\main.cpp(365,51): warning C4244: 'argumento': conversão de 'float' para 'int', possível perda de dados
C:\Users\Yuzawa\Downloads\o\Tetris-main\Tetris - Versão 2\Tetris\main.cpp(365,41): warning C4244: 'argumento': conversão de 'float' para 'int', possível perda de dados
C:\Users\Yuzawa\Downloads\o\Tetris-main\Tetris - Versão 2\Tetris\main.cpp(370,24): warning C4244: '=': conversão de 'int' para 'float', possível perda de dados
C:\Users\Yuzawa\Downloads\o\Tetris-main\Tetris - Versão 2\Tetris\main.cpp(377,47): warning C4838: a conversão de 'int' em 'float' requer uma conversão de restrição
C:\Users\Yuzawa\Downloads\o\Tetris-main\Tetris - Versão 2\Tetris\main.cpp(377,47): warning C4244: 'inicializando': conversão de 'int' para 'float', possível perda de dados
C:\Users\Yuzawa\Downloads\o\Tetris-main\Tetris - Versão 2\Tetris\main.cpp(437,1): warning C4715: 'Createpiece': nem todos os caminhos de controle retornam um valor
  LINK : C:\Users\Yuzawa\Downloads\o\Tetris-main\Tetris - Versão 2\x64\Debug\Tetris.exe não encontrado ou não compilado pelo o último link incremental; executando link completo
  Tetris.vcxproj -> C:\Users\Yuzawa\Downloads\o\Tetris-main\Tetris - Versão 2\x64\Debug\Tetris.exe
  'pwsh.exe' não é reconhecido como um comando interno
  ou externo, um programa operável ou um arquivo em lotes.
